Using pre-set license
Built from '2020.3/staging' branch; Version is '2020.3.0f1 (c7b5465681fb) revision 13088070'; Using compiler version '192528614'; Build Type 'Release'
OS: 'Windows 10 Home; OS build 19041.928; Version 2004; 64bit' Language: 'en' Physical Memory: 16324 MB
BatchMode: 1, IsHumanControllingUs: 0, StartBugReporterOnCrash: 0, Is64bit: 1, IsPro: 0

 COMMAND LINE ARGUMENTS:
F:\jmc\2020.3.0f1\Editor\Unity.exe
-adb2
-batchMode
-noUpm
-name
AssetImportWorker0
-projectPath
C:/Users/User/Desktop/MainProject/MainProject
-logFile
Logs/AssetImportWorker0.log
-srvPort
60355
Successfully changed project path to: C:/Users/User/Desktop/MainProject/MainProject
C:/Users/User/Desktop/MainProject/MainProject
Using Asset Import Pipeline V2.
Refreshing native plugins compatible for Editor in 53.98 ms, found 0 plugins.
Preloading 0 native plugins for Editor in 0.00 ms.
Initialize engine version: 2020.3.0f1 (c7b5465681fb)
[Subsystems] Discovering subsystems at path F:/jmc/2020.3.0f1/Editor/Data/Resources/UnitySubsystems
[Subsystems] Discovering subsystems at path C:/Users/User/Desktop/MainProject/MainProject/Assets
GfxDevice: creating device client; threaded=0
Direct3D:
    Version:  Direct3D 11.0 [level 11.1]
    Renderer: NVIDIA GeForce GTX 970 (ID=0x13c2)
    Vendor:   
    VRAM:     4043 MB
    Driver:   27.21.14.5671
Initialize mono
Mono path[0] = 'F:/jmc/2020.3.0f1/Editor/Data/Managed'
Mono path[1] = 'F:/jmc/2020.3.0f1/Editor/Data/MonoBleedingEdge/lib/mono/unityjit'
Mono config path = 'F:/jmc/2020.3.0f1/Editor/Data/MonoBleedingEdge/etc'
Using monoOptions --debugger-agent=transport=dt_socket,embedding=1,server=y,suspend=n,address=127.0.0.1:56276
Begin MonoManager ReloadAssembly
Registering precompiled unity dll's ...
Register platform support module: F:/jmc/2020.3.0f1/Editor/Data/PlaybackEngines/WindowsStandaloneSupport/UnityEditor.WindowsStandalone.Extensions.dll
Registered in 0.001314 seconds.
Native extension for WindowsStandalone target not found
Refreshing native plugins compatible for Editor in 32.74 ms, found 0 plugins.
Preloading 0 native plugins for Editor in 0.00 ms.
Invoked RoslynAnalysisRunner static constructor.
RoslynAnalysisRunner will not be running.
RoslynAnalysisRunner has terminated.
Mono: successfully reloaded assembly
- Completed reload, in  1.845 seconds
Platform modules already initialized, skipping
Registering precompiled user dll's ...
Registered in 0.002343 seconds.
Begin MonoManager ReloadAssembly
Native extension for WindowsStandalone target not found
Refreshing native plugins compatible for Editor in 0.40 ms, found 0 plugins.
Preloading 0 native plugins for Editor in 0.00 ms.
Invoked RoslynAnalysisRunner static constructor.
RoslynAnalysisRunner will not be running.
RoslynAnalysisRunner has terminated.
Mono: successfully reloaded assembly
- Completed reload, in  0.981 seconds
Platform modules already initialized, skipping
========================================================================
Worker process is ready to serve import requests
Launched and connected shader compiler UnityShaderCompiler.exe after 0.15 seconds
Refreshing native plugins compatible for Editor in 0.33 ms, found 0 plugins.
Preloading 0 native plugins for Editor in 0.00 ms.
Unloading 1126 Unused Serialized files (Serialized files now loaded: 0)
System memory in use before: 131.2 MB.
System memory in use after: 131.2 MB.

Unloading 9 unused Assets to reduce memory usage. Loaded Objects now: 1580.
Total: 3.064700 ms (FindLiveObjects: 0.298100 ms CreateObjectMapping: 0.056700 ms MarkObjects: 2.639000 ms  DeleteObjects: 0.069700 ms)

========================================================================
Received Import Request.
  path: Assets/Scripts/Player.cs
  artifactKey: Guid(58e27fdf07a458b4f87b8a05d685dd23) Importer(815301076,1909f56bfc062723c751e8b465ee728b)
Start importing Assets/Scripts/Player.cs using Guid(58e27fdf07a458b4f87b8a05d685dd23) Importer(815301076,1909f56bfc062723c751e8b465ee728b)  -> (artifact id: '64534ee2193866a39f94ad06f7eef944') in 0.076651 seconds
  Import took 0.079651 seconds .

========================================================================
Received Import Request.
  Time since last request: 7.720846 seconds.
  path: Assets/Scripts/Enemy.cs
  artifactKey: Guid(c4e89760704beaf45ba32701a09ae58d) Importer(815301076,1909f56bfc062723c751e8b465ee728b)
Start importing Assets/Scripts/Enemy.cs using Guid(c4e89760704beaf45ba32701a09ae58d) Importer(815301076,1909f56bfc062723c751e8b465ee728b)  -> (artifact id: 'aa2077dcc311cd2cfbde57a72168361a') in 0.008572 seconds
  Import took 0.011306 seconds .

========================================================================
Received Import Request.
  Time since last request: 202.389943 seconds.
  path: Assets/Scripts/ElevatorMove.cs
  artifactKey: Guid(01ac0a09af6ab6b478614ac0b802b5ae) Importer(815301076,1909f56bfc062723c751e8b465ee728b)
Start importing Assets/Scripts/ElevatorMove.cs using Guid(01ac0a09af6ab6b478614ac0b802b5ae) Importer(815301076,1909f56bfc062723c751e8b465ee728b)  -> (artifact id: '78fc0136389457af32b4e30b888f875e') in 0.010793 seconds
  Import took 0.013459 seconds .

========================================================================
Received Import Request.
  Time since last request: 66.618958 seconds.
  path: Assets/Scripts/ElevatorMove.cs
  artifactKey: Guid(01ac0a09af6ab6b478614ac0b802b5ae) Importer(815301076,1909f56bfc062723c751e8b465ee728b)
Start importing Assets/Scripts/ElevatorMove.cs using Guid(01ac0a09af6ab6b478614ac0b802b5ae) Importer(815301076,1909f56bfc062723c751e8b465ee728b)  -> (artifact id: '1e3d8baaf3a95fa4bdb4bf27046774c4') in 0.007111 seconds
  Import took 0.010141 seconds .

========================================================================
Received Import Request.
  Time since last request: 17.745115 seconds.
  path: Assets/Scripts/ElevatorMove.cs
  artifactKey: Guid(01ac0a09af6ab6b478614ac0b802b5ae) Importer(815301076,1909f56bfc062723c751e8b465ee728b)
Start importing Assets/Scripts/ElevatorMove.cs using Guid(01ac0a09af6ab6b478614ac0b802b5ae) Importer(815301076,1909f56bfc062723c751e8b465ee728b)  -> (artifact id: '32b57b2b4dd1e967d00a2dea9a55dbd0') in 0.007637 seconds
  Import took 0.010852 seconds .

========================================================================
Received Import Request.
  Time since last request: 64.817933 seconds.
  path: Assets/Scripts/ElevatorMove.cs
  artifactKey: Guid(01ac0a09af6ab6b478614ac0b802b5ae) Importer(815301076,1909f56bfc062723c751e8b465ee728b)
Start importing Assets/Scripts/ElevatorMove.cs using Guid(01ac0a09af6ab6b478614ac0b802b5ae) Importer(815301076,1909f56bfc062723c751e8b465ee728b)  -> (artifact id: 'c13d06868f30ceeae929559df94364f2') in 0.008167 seconds
  Import took 0.011007 seconds .

========================================================================
Received Import Request.
  Time since last request: 16.003338 seconds.
  path: Assets/Scripts/ElevatorMove.cs
  artifactKey: Guid(01ac0a09af6ab6b478614ac0b802b5ae) Importer(815301076,1909f56bfc062723c751e8b465ee728b)
Start importing Assets/Scripts/ElevatorMove.cs using Guid(01ac0a09af6ab6b478614ac0b802b5ae) Importer(815301076,1909f56bfc062723c751e8b465ee728b)  -> (artifact id: 'f1cb7cc4403ea4cca9601b7cd6bf3583') in 0.007851 seconds
  Import took 0.010963 seconds .

========================================================================
Received Prepare
Registering precompiled user dll's ...
Registered in 0.002338 seconds.
Begin MonoManager ReloadAssembly
Native extension for WindowsStandalone target not found
Refreshing native plugins compatible for Editor in 0.34 ms, found 0 plugins.
Preloading 0 native plugins for Editor in 0.00 ms.
Invoked RoslynAnalysisRunner static constructor.
RoslynAnalysisRunner will not be running.
RoslynAnalysisRunner has terminated.
Mono: successfully reloaded assembly
- Completed reload, in  0.885 seconds
Platform modules already initialized, skipping
Refreshing native plugins compatible for Editor in 0.38 ms, found 0 plugins.
Preloading 0 native plugins for Editor in 0.00 ms.
Unloading 1120 Unused Serialized files (Serialized files now loaded: 0)
System memory in use before: 131.0 MB.
System memory in use after: 131.1 MB.

Unloading 4 unused Assets to reduce memory usage. Loaded Objects now: 1583.
Total: 2.179200 ms (FindLiveObjects: 0.253000 ms CreateObjectMapping: 0.107200 ms MarkObjects: 1.794300 ms  DeleteObjects: 0.023300 ms)

========================================================================
Received Import Request.
  Time since last request: 568.669832 seconds.
  path: Assets/Scripts/ElevatorMove.cs
  artifactKey: Guid(01ac0a09af6ab6b478614ac0b802b5ae) Importer(815301076,1909f56bfc062723c751e8b465ee728b)
Start importing Assets/Scripts/ElevatorMove.cs using Guid(01ac0a09af6ab6b478614ac0b802b5ae) Importer(815301076,1909f56bfc062723c751e8b465ee728b)  -> (artifact id: '99d30c0ef17c0a782594780c28997762') in 0.013233 seconds
  Import took 0.016244 seconds .

========================================================================
Received Import Request.
  Time since last request: 0.002347 seconds.
  path: Assets/Scripts/ElevatorMove.cs
  artifactKey: Guid(01ac0a09af6ab6b478614ac0b802b5ae) Importer(815301076,1909f56bfc062723c751e8b465ee728b)
Start importing Assets/Scripts/ElevatorMove.cs using Guid(01ac0a09af6ab6b478614ac0b802b5ae) Importer(815301076,1909f56bfc062723c751e8b465ee728b)  -> (artifact id: '99d30c0ef17c0a782594780c28997762') in 0.005880 seconds
  Import took 0.008090 seconds .

========================================================================
Received Prepare
Registering precompiled user dll's ...
Registered in 0.002416 seconds.
Begin MonoManager ReloadAssembly
Native extension for WindowsStandalone target not found
Refreshing native plugins compatible for Editor in 0.34 ms, found 0 plugins.
Preloading 0 native plugins for Editor in 0.00 ms.
Invoked RoslynAnalysisRunner static constructor.
RoslynAnalysisRunner will not be running.
RoslynAnalysisRunner has terminated.
Mono: successfully reloaded assembly
- Completed reload, in  0.913 seconds
Platform modules already initialized, skipping
Refreshing native plugins compatible for Editor in 0.37 ms, found 0 plugins.
Preloading 0 native plugins for Editor in 0.00 ms.
Unloading 1120 Unused Serialized files (Serialized files now loaded: 0)
System memory in use before: 131.1 MB.
System memory in use after: 131.2 MB.

Unloading 4 unused Assets to reduce memory usage. Loaded Objects now: 1586.
Total: 1.988900 ms (FindLiveObjects: 0.221900 ms CreateObjectMapping: 0.048900 ms MarkObjects: 1.704900 ms  DeleteObjects: 0.012300 ms)

========================================================================
Received Import Request.
  Time since last request: 69.897634 seconds.
  path: Assets/Scripts/ElevatorMove.cs
  artifactKey: Guid(01ac0a09af6ab6b478614ac0b802b5ae) Importer(815301076,1909f56bfc062723c751e8b465ee728b)
Start importing Assets/Scripts/ElevatorMove.cs using Guid(01ac0a09af6ab6b478614ac0b802b5ae) Importer(815301076,1909f56bfc062723c751e8b465ee728b)  -> (artifact id: 'b76d02913b5e50c85669a2f12602a150') in 0.008603 seconds
  Import took 0.010837 seconds .

========================================================================
Received Import Request.
  Time since last request: 23.631151 seconds.
  path: Assets/Scripts/ElevatorMove.cs
  artifactKey: Guid(01ac0a09af6ab6b478614ac0b802b5ae) Importer(815301076,1909f56bfc062723c751e8b465ee728b)
Start importing Assets/Scripts/ElevatorMove.cs using Guid(01ac0a09af6ab6b478614ac0b802b5ae) Importer(815301076,1909f56bfc062723c751e8b465ee728b)  -> (artifact id: '5b4831540f2d0d5d05c919ced9107b42') in 0.008065 seconds
  Import took 0.010740 seconds .

========================================================================
Received Import Request.
  Time since last request: 135.904733 seconds.
  path: Assets/Scripts/ElevatorMove.cs
  artifactKey: Guid(01ac0a09af6ab6b478614ac0b802b5ae) Importer(815301076,1909f56bfc062723c751e8b465ee728b)
Start importing Assets/Scripts/ElevatorMove.cs using Guid(01ac0a09af6ab6b478614ac0b802b5ae) Importer(815301076,1909f56bfc062723c751e8b465ee728b)  -> (artifact id: '39ff9f9fce36d012c0b89104e35dcfe2') in 0.007738 seconds
  Import took 0.010473 seconds .

========================================================================
Received Prepare
Registering precompiled user dll's ...
Registered in 0.002409 seconds.
Begin MonoManager ReloadAssembly
Native extension for WindowsStandalone target not found
Refreshing native plugins compatible for Editor in 0.35 ms, found 0 plugins.
Preloading 0 native plugins for Editor in 0.00 ms.
Invoked RoslynAnalysisRunner static constructor.
RoslynAnalysisRunner will not be running.
RoslynAnalysisRunner has terminated.
Mono: successfully reloaded assembly
- Completed reload, in  0.865 seconds
Platform modules already initialized, skipping
Refreshing native plugins compatible for Editor in 0.34 ms, found 0 plugins.
Preloading 0 native plugins for Editor in 0.00 ms.
Unloading 1120 Unused Serialized files (Serialized files now loaded: 0)
System memory in use before: 131.1 MB.
System memory in use after: 131.2 MB.

Unloading 4 unused Assets to reduce memory usage. Loaded Objects now: 1589.
Total: 1.655600 ms (FindLiveObjects: 0.125200 ms CreateObjectMapping: 0.038300 ms MarkObjects: 1.468200 ms  DeleteObjects: 0.022900 ms)

========================================================================
Received Import Request.
  Time since last request: 32.844306 seconds.
  path: Assets/Scripts/ElevatorMove.cs
  artifactKey: Guid(01ac0a09af6ab6b478614ac0b802b5ae) Importer(815301076,1909f56bfc062723c751e8b465ee728b)
Start importing Assets/Scripts/ElevatorMove.cs using Guid(01ac0a09af6ab6b478614ac0b802b5ae) Importer(815301076,1909f56bfc062723c751e8b465ee728b)  -> (artifact id: '93dc0b6bea23df15b8098e629e0ffce6') in 0.014365 seconds
  Import took 0.017400 seconds .

========================================================================
Received Prepare
Registering precompiled user dll's ...
Registered in 0.002304 seconds.
Begin MonoManager ReloadAssembly
Native extension for WindowsStandalone target not found
Refreshing native plugins compatible for Editor in 0.33 ms, found 0 plugins.
Preloading 0 native plugins for Editor in 0.00 ms.
Invoked RoslynAnalysisRunner static constructor.
RoslynAnalysisRunner will not be running.
RoslynAnalysisRunner has terminated.
Mono: successfully reloaded assembly
- Completed reload, in  0.906 seconds
Platform modules already initialized, skipping
Refreshing native plugins compatible for Editor in 0.33 ms, found 0 plugins.
Preloading 0 native plugins for Editor in 0.00 ms.
Unloading 1120 Unused Serialized files (Serialized files now loaded: 0)
System memory in use before: 131.1 MB.
System memory in use after: 131.2 MB.

Unloading 4 unused Assets to reduce memory usage. Loaded Objects now: 1592.
Total: 1.546900 ms (FindLiveObjects: 0.137900 ms CreateObjectMapping: 0.044900 ms MarkObjects: 1.350000 ms  DeleteObjects: 0.012700 ms)

========================================================================
Received Prepare
Registering precompiled user dll's ...
Registered in 0.002301 seconds.
Begin MonoManager ReloadAssembly
Native extension for WindowsStandalone target not found
Refreshing native plugins compatible for Editor in 0.34 ms, found 0 plugins.
Preloading 0 native plugins for Editor in 0.00 ms.
Invoked RoslynAnalysisRunner static constructor.
RoslynAnalysisRunner will not be running.
RoslynAnalysisRunner has terminated.
Mono: successfully reloaded assembly
- Completed reload, in  0.941 seconds
Platform modules already initialized, skipping
Refreshing native plugins compatible for Editor in 0.34 ms, found 0 plugins.
Preloading 0 native plugins for Editor in 0.00 ms.
Unloading 1120 Unused Serialized files (Serialized files now loaded: 0)
System memory in use before: 131.1 MB.
System memory in use after: 131.2 MB.

Unloading 4 unused Assets to reduce memory usage. Loaded Objects now: 1595.
Total: 1.574900 ms (FindLiveObjects: 0.147400 ms CreateObjectMapping: 0.037000 ms MarkObjects: 1.374200 ms  DeleteObjects: 0.014600 ms)

========================================================================
Received Prepare
Registering precompiled user dll's ...
Registered in 0.002271 seconds.
Begin MonoManager ReloadAssembly
Native extension for WindowsStandalone target not found
Refreshing native plugins compatible for Editor in 0.37 ms, found 0 plugins.
Preloading 0 native plugins for Editor in 0.00 ms.
Invoked RoslynAnalysisRunner static constructor.
RoslynAnalysisRunner will not be running.
RoslynAnalysisRunner has terminated.
Mono: successfully reloaded assembly
- Completed reload, in  1.136 seconds
Platform modules already initialized, skipping
Refreshing native plugins compatible for Editor in 0.61 ms, found 0 plugins.
Preloading 0 native plugins for Editor in 0.00 ms.
Unloading 1120 Unused Serialized files (Serialized files now loaded: 0)
System memory in use before: 131.1 MB.
System memory in use after: 131.2 MB.

Unloading 4 unused Assets to reduce memory usage. Loaded Objects now: 1598.
Total: 2.125000 ms (FindLiveObjects: 0.252800 ms CreateObjectMapping: 0.069400 ms MarkObjects: 1.776700 ms  DeleteObjects: 0.024400 ms)

========================================================================
Received Prepare
Registering precompiled user dll's ...
Registered in 0.002308 seconds.
Begin MonoManager ReloadAssembly
Native extension for WindowsStandalone target not found
Refreshing native plugins compatible for Editor in 0.43 ms, found 0 plugins.
Preloading 0 native plugins for Editor in 0.00 ms.
Invoked RoslynAnalysisRunner static constructor.
RoslynAnalysisRunner will not be running.
RoslynAnalysisRunner has terminated.
Mono: successfully reloaded assembly
- Completed reload, in  1.073 seconds
Platform modules already initialized, skipping
Refreshing native plugins compatible for Editor in 0.34 ms, found 0 plugins.
Preloading 0 native plugins for Editor in 0.00 ms.
Unloading 1120 Unused Serialized files (Serialized files now loaded: 0)
System memory in use before: 131.1 MB.
System memory in use after: 131.2 MB.

Unloading 4 unused Assets to reduce memory usage. Loaded Objects now: 1601.
Total: 2.713900 ms (FindLiveObjects: 0.223900 ms CreateObjectMapping: 0.057100 ms MarkObjects: 2.412300 ms  DeleteObjects: 0.018500 ms)

========================================================================
Received Prepare
Registering precompiled user dll's ...
Registered in 0.002292 seconds.
Begin MonoManager ReloadAssembly
Native extension for WindowsStandalone target not found
Refreshing native plugins compatible for Editor in 0.40 ms, found 0 plugins.
Preloading 0 native plugins for Editor in 0.00 ms.
Invoked RoslynAnalysisRunner static constructor.
RoslynAnalysisRunner will not be running.
RoslynAnalysisRunner has terminated.
Mono: successfully reloaded assembly
- Completed reload, in  1.003 seconds
Platform modules already initialized, skipping
Refreshing native plugins compatible for Editor in 0.56 ms, found 0 plugins.
Preloading 0 native plugins for Editor in 0.00 ms.
Unloading 1120 Unused Serialized files (Serialized files now loaded: 0)
System memory in use before: 131.1 MB.
System memory in use after: 131.2 MB.

Unloading 4 unused Assets to reduce memory usage. Loaded Objects now: 1604.
Total: 1.897400 ms (FindLiveObjects: 0.231900 ms CreateObjectMapping: 0.108000 ms MarkObjects: 1.542300 ms  DeleteObjects: 0.013700 ms)

========================================================================
Received Prepare
Registering precompiled user dll's ...
Registered in 0.002231 seconds.
Begin MonoManager ReloadAssembly
Native extension for WindowsStandalone target not found
Refreshing native plugins compatible for Editor in 0.36 ms, found 0 plugins.
Preloading 0 native plugins for Editor in 0.00 ms.
Invoked RoslynAnalysisRunner static constructor.
RoslynAnalysisRunner will not be running.
RoslynAnalysisRunner has terminated.
Mono: successfully reloaded assembly
- Completed reload, in  1.094 seconds
Platform modules already initialized, skipping
Refreshing native plugins compatible for Editor in 0.34 ms, found 0 plugins.
Preloading 0 native plugins for Editor in 0.00 ms.
Unloading 1120 Unused Serialized files (Serialized files now loaded: 0)
System memory in use before: 131.1 MB.
System memory in use after: 131.2 MB.

Unloading 4 unused Assets to reduce memory usage. Loaded Objects now: 1607.
Total: 2.048200 ms (FindLiveObjects: 0.225400 ms CreateObjectMapping: 0.037600 ms MarkObjects: 1.768800 ms  DeleteObjects: 0.014900 ms)

========================================================================
Received Prepare
Registering precompiled user dll's ...
Registered in 0.002333 seconds.
Begin MonoManager ReloadAssembly
Native extension for WindowsStandalone target not found
Refreshing native plugins compatible for Editor in 0.34 ms, found 0 plugins.
Preloading 0 native plugins for Editor in 0.00 ms.
Invoked RoslynAnalysisRunner static constructor.
RoslynAnalysisRunner will not be running.
RoslynAnalysisRunner has terminated.
Mono: successfully reloaded assembly
- Completed reload, in  0.956 seconds
Platform modules already initialized, skipping
Refreshing native plugins compatible for Editor in 0.33 ms, found 0 plugins.
Preloading 0 native plugins for Editor in 0.00 ms.
Unloading 1120 Unused Serialized files (Serialized files now loaded: 0)
System memory in use before: 131.1 MB.
System memory in use after: 131.2 MB.

Unloading 4 unused Assets to reduce memory usage. Loaded Objects now: 1610.
Total: 1.830000 ms (FindLiveObjects: 0.144200 ms CreateObjectMapping: 0.037900 ms MarkObjects: 1.618200 ms  DeleteObjects: 0.028600 ms)

========================================================================
Received Prepare
Registering precompiled user dll's ...
Registered in 0.002030 seconds.
Begin MonoManager ReloadAssembly
Native extension for WindowsStandalone target not found
Refreshing native plugins compatible for Editor in 0.36 ms, found 0 plugins.
Preloading 0 native plugins for Editor in 0.00 ms.
Invoked RoslynAnalysisRunner static constructor.
RoslynAnalysisRunner will not be running.
RoslynAnalysisRunner has terminated.
Mono: successfully reloaded assembly
- Completed reload, in  0.850 seconds
Platform modules already initialized, skipping
Refreshing native plugins compatible for Editor in 0.33 ms, found 0 plugins.
Preloading 0 native plugins for Editor in 0.00 ms.
Unloading 1120 Unused Serialized files (Serialized files now loaded: 0)
System memory in use before: 131.1 MB.
System memory in use after: 131.2 MB.

Unloading 4 unused Assets to reduce memory usage. Loaded Objects now: 1613.
Total: 2.003500 ms (FindLiveObjects: 0.181900 ms CreateObjectMapping: 0.049200 ms MarkObjects: 1.747800 ms  DeleteObjects: 0.023500 ms)

========================================================================
Received Prepare
Registering precompiled user dll's ...
Registered in 0.002297 seconds.
Begin MonoManager ReloadAssembly
Native extension for WindowsStandalone target not found
Refreshing native plugins compatible for Editor in 0.36 ms, found 0 plugins.
Preloading 0 native plugins for Editor in 0.00 ms.
Invoked RoslynAnalysisRunner static constructor.
RoslynAnalysisRunner will not be running.
RoslynAnalysisRunner has terminated.
Mono: successfully reloaded assembly
- Completed reload, in  1.158 seconds
Platform modules already initialized, skipping
Refreshing native plugins compatible for Editor in 0.46 ms, found 0 plugins.
Preloading 0 native plugins for Editor in 0.00 ms.
Unloading 1120 Unused Serialized files (Serialized files now loaded: 0)
System memory in use before: 131.1 MB.
System memory in use after: 131.2 MB.

Unloading 4 unused Assets to reduce memory usage. Loaded Objects now: 1616.
Total: 2.057500 ms (FindLiveObjects: 0.303100 ms CreateObjectMapping: 0.112000 ms MarkObjects: 1.628200 ms  DeleteObjects: 0.013000 ms)

========================================================================
Received Import Request.
  Time since last request: 4021.408440 seconds.
  path: Assets/Animation/Elevator.controller
  artifactKey: Guid(22d4b3a067c97e24690cf8d2422fcff4) Importer(815301076,1909f56bfc062723c751e8b465ee728b)
Start importing Assets/Animation/Elevator.controller using Guid(22d4b3a067c97e24690cf8d2422fcff4) Importer(815301076,1909f56bfc062723c751e8b465ee728b)  -> (artifact id: '8936196dc849a27e1a5d7b140c480147') in 0.234160 seconds
  Import took 0.237159 seconds .

========================================================================
Received Prepare
Registering precompiled user dll's ...
Registered in 0.002866 seconds.
Begin MonoManager ReloadAssembly
Native extension for WindowsStandalone target not found
Refreshing native plugins compatible for Editor in 0.78 ms, found 0 plugins.
Preloading 0 native plugins for Editor in 0.00 ms.
Invoked RoslynAnalysisRunner static constructor.
RoslynAnalysisRunner will not be running.
RoslynAnalysisRunner has terminated.
Mono: successfully reloaded assembly
- Completed reload, in  1.162 seconds
Platform modules already initialized, skipping
Refreshing native plugins compatible for Editor in 0.36 ms, found 0 plugins.
Preloading 0 native plugins for Editor in 0.00 ms.
Unloading 1120 Unused Serialized files (Serialized files now loaded: 0)
System memory in use before: 131.1 MB.
System memory in use after: 131.2 MB.

Unloading 4 unused Assets to reduce memory usage. Loaded Objects now: 1619.
Total: 2.026600 ms (FindLiveObjects: 0.210500 ms CreateObjectMapping: 0.053100 ms MarkObjects: 1.748100 ms  DeleteObjects: 0.013700 ms)

========================================================================
Received Prepare
Registering precompiled user dll's ...
Registered in 0.002282 seconds.
Begin MonoManager ReloadAssembly
Native extension for WindowsStandalone target not found
Refreshing native plugins compatible for Editor in 0.36 ms, found 0 plugins.
Preloading 0 native plugins for Editor in 0.00 ms.
Invoked RoslynAnalysisRunner static constructor.
RoslynAnalysisRunner will not be running.
RoslynAnalysisRunner has terminated.
Mono: successfully reloaded assembly
- Completed reload, in  0.981 seconds
Platform modules already initialized, skipping
Refreshing native plugins compatible for Editor in 0.35 ms, found 0 plugins.
Preloading 0 native plugins for Editor in 0.00 ms.
Unloading 1120 Unused Serialized files (Serialized files now loaded: 0)
System memory in use before: 131.1 MB.
System memory in use after: 131.2 MB.

Unloading 4 unused Assets to reduce memory usage. Loaded Objects now: 1622.
Total: 2.377200 ms (FindLiveObjects: 0.198800 ms CreateObjectMapping: 0.125500 ms MarkObjects: 2.036800 ms  DeleteObjects: 0.013700 ms)

========================================================================
Received Prepare
Registering precompiled user dll's ...
Registered in 0.002273 seconds.
Begin MonoManager ReloadAssembly
Native extension for WindowsStandalone target not found
Refreshing native plugins compatible for Editor in 0.45 ms, found 0 plugins.
Preloading 0 native plugins for Editor in 0.00 ms.
Invoked RoslynAnalysisRunner static constructor.
RoslynAnalysisRunner will not be running.
RoslynAnalysisRunner has terminated.
Mono: successfully reloaded assembly
- Completed reload, in  1.039 seconds
Platform modules already initialized, skipping
Refreshing native plugins compatible for Editor in 0.54 ms, found 0 plugins.
Preloading 0 native plugins for Editor in 0.00 ms.
Unloading 1120 Unused Serialized files (Serialized files now loaded: 0)
System memory in use before: 131.2 MB.
System memory in use after: 131.3 MB.

Unloading 4 unused Assets to reduce memory usage. Loaded Objects now: 1625.
Total: 2.042600 ms (FindLiveObjects: 0.137800 ms CreateObjectMapping: 0.037500 ms MarkObjects: 1.852300 ms  DeleteObjects: 0.013700 ms)

========================================================================
Received Prepare
Registering precompiled user dll's ...
Registered in 0.002250 seconds.
Begin MonoManager ReloadAssembly
Native extension for WindowsStandalone target not found
Refreshing native plugins compatible for Editor in 0.46 ms, found 0 plugins.
Preloading 0 native plugins for Editor in 0.00 ms.
Invoked RoslynAnalysisRunner static constructor.
RoslynAnalysisRunner will not be running.
RoslynAnalysisRunner has terminated.
Mono: successfully reloaded assembly
- Completed reload, in  1.125 seconds
Platform modules already initialized, skipping
Refreshing native plugins compatible for Editor in 0.34 ms, found 0 plugins.
Preloading 0 native plugins for Editor in 0.00 ms.
Unloading 1120 Unused Serialized files (Serialized files now loaded: 0)
System memory in use before: 131.2 MB.
System memory in use after: 131.3 MB.

Unloading 4 unused Assets to reduce memory usage. Loaded Objects now: 1628.
Total: 2.132100 ms (FindLiveObjects: 0.233700 ms CreateObjectMapping: 0.076200 ms MarkObjects: 1.791200 ms  DeleteObjects: 0.029700 ms)

========================================================================
Received Prepare
Registering precompiled user dll's ...
Registered in 0.002441 seconds.
Begin MonoManager ReloadAssembly
Native extension for WindowsStandalone target not found
Refreshing native plugins compatible for Editor in 0.74 ms, found 0 plugins.
Preloading 0 native plugins for Editor in 0.00 ms.
Invoked RoslynAnalysisRunner static constructor.
RoslynAnalysisRunner will not be running.
RoslynAnalysisRunner has terminated.
Mono: successfully reloaded assembly
- Completed reload, in  1.154 seconds
Platform modules already initialized, skipping
Refreshing native plugins compatible for Editor in 0.39 ms, found 0 plugins.
Preloading 0 native plugins for Editor in 0.00 ms.
Unloading 1120 Unused Serialized files (Serialized files now loaded: 0)
System memory in use before: 131.2 MB.
System memory in use after: 131.3 MB.

Unloading 4 unused Assets to reduce memory usage. Loaded Objects now: 1631.
Total: 2.005900 ms (FindLiveObjects: 0.153100 ms CreateObjectMapping: 0.046900 ms MarkObjects: 1.788200 ms  DeleteObjects: 0.015700 ms)

========================================================================
Received Prepare
Registering precompiled user dll's ...
Registered in 0.002585 seconds.
Begin MonoManager ReloadAssembly
Native extension for WindowsStandalone target not found
Refreshing native plugins compatible for Editor in 0.74 ms, found 0 plugins.
Preloading 0 native plugins for Editor in 0.00 ms.
Invoked RoslynAnalysisRunner static constructor.
RoslynAnalysisRunner will not be running.
RoslynAnalysisRunner has terminated.
Mono: successfully reloaded assembly
- Completed reload, in  1.047 seconds
Platform modules already initialized, skipping
Refreshing native plugins compatible for Editor in 0.34 ms, found 0 plugins.
Preloading 0 native plugins for Editor in 0.00 ms.
Unloading 1120 Unused Serialized files (Serialized files now loaded: 0)
System memory in use before: 131.2 MB.
System memory in use after: 131.3 MB.

Unloading 4 unused Assets to reduce memory usage. Loaded Objects now: 1634.
Total: 2.963900 ms (FindLiveObjects: 0.269600 ms CreateObjectMapping: 0.055800 ms MarkObjects: 2.620800 ms  DeleteObjects: 0.016300 ms)

========================================================================
Received Prepare
Registering precompiled user dll's ...
Registered in 0.002176 seconds.
Begin MonoManager ReloadAssembly
Native extension for WindowsStandalone target not found
Refreshing native plugins compatible for Editor in 0.72 ms, found 0 plugins.
Preloading 0 native plugins for Editor in 0.00 ms.
Invoked RoslynAnalysisRunner static constructor.
RoslynAnalysisRunner will not be running.
RoslynAnalysisRunner has terminated.
Mono: successfully reloaded assembly
- Completed reload, in  1.177 seconds
Platform modules already initialized, skipping
Refreshing native plugins compatible for Editor in 0.34 ms, found 0 plugins.
Preloading 0 native plugins for Editor in 0.00 ms.
Unloading 1120 Unused Serialized files (Serialized files now loaded: 0)
System memory in use before: 131.2 MB.
System memory in use after: 131.3 MB.

Unloading 4 unused Assets to reduce memory usage. Loaded Objects now: 1637.
Total: 2.002800 ms (FindLiveObjects: 0.191600 ms CreateObjectMapping: 0.055900 ms MarkObjects: 1.740600 ms  DeleteObjects: 0.013300 ms)

========================================================================
Received Prepare
Registering precompiled user dll's ...
Registered in 0.002304 seconds.
Begin MonoManager ReloadAssembly
Native extension for WindowsStandalone target not found
Refreshing native plugins compatible for Editor in 0.35 ms, found 0 plugins.
Preloading 0 native plugins for Editor in 0.00 ms.
Invoked RoslynAnalysisRunner static constructor.
RoslynAnalysisRunner will not be running.
RoslynAnalysisRunner has terminated.
Mono: successfully reloaded assembly
- Completed reload, in  1.111 seconds
Platform modules already initialized, skipping
Refreshing native plugins compatible for Editor in 0.37 ms, found 0 plugins.
Preloading 0 native plugins for Editor in 0.00 ms.
Unloading 1120 Unused Serialized files (Serialized files now loaded: 0)
System memory in use before: 131.2 MB.
System memory in use after: 131.3 MB.

Unloading 4 unused Assets to reduce memory usage. Loaded Objects now: 1640.
Total: 2.371600 ms (FindLiveObjects: 0.144900 ms CreateObjectMapping: 0.036900 ms MarkObjects: 2.168500 ms  DeleteObjects: 0.019300 ms)

========================================================================
Received Prepare
Registering precompiled user dll's ...
Registered in 0.002221 seconds.
Begin MonoManager ReloadAssembly
Native extension for WindowsStandalone target not found
Refreshing native plugins compatible for Editor in 0.33 ms, found 0 plugins.
Preloading 0 native plugins for Editor in 0.00 ms.
Invoked RoslynAnalysisRunner static constructor.
RoslynAnalysisRunner will not be running.
RoslynAnalysisRunner has terminated.
Mono: successfully reloaded assembly
- Completed reload, in  1.023 seconds
Platform modules already initialized, skipping
Refreshing native plugins compatible for Editor in 0.32 ms, found 0 plugins.
Preloading 0 native plugins for Editor in 0.00 ms.
Unloading 1120 Unused Serialized files (Serialized files now loaded: 0)
System memory in use before: 131.2 MB.
System memory in use after: 131.3 MB.

Unloading 4 unused Assets to reduce memory usage. Loaded Objects now: 1643.
Total: 2.112100 ms (FindLiveObjects: 0.249100 ms CreateObjectMapping: 0.047100 ms MarkObjects: 1.802600 ms  DeleteObjects: 0.012300 ms)

========================================================================
Received Import Request.
  Time since last request: 1238.776826 seconds.
  path: Assets/Scripts/ElevatorMove.cs
  artifactKey: Guid(01ac0a09af6ab6b478614ac0b802b5ae) Importer(815301076,1909f56bfc062723c751e8b465ee728b)
Start importing Assets/Scripts/ElevatorMove.cs using Guid(01ac0a09af6ab6b478614ac0b802b5ae) Importer(815301076,1909f56bfc062723c751e8b465ee728b)  -> (artifact id: 'cec1208c87951c129befbdadb16254f1') in 0.012829 seconds
  Import took 0.015561 seconds .

========================================================================
Received Import Request.
  Time since last request: 0.002538 seconds.
  path: Assets/Scripts/ElevatorMove.cs
  artifactKey: Guid(01ac0a09af6ab6b478614ac0b802b5ae) Importer(815301076,1909f56bfc062723c751e8b465ee728b)
Start importing Assets/Scripts/ElevatorMove.cs using Guid(01ac0a09af6ab6b478614ac0b802b5ae) Importer(815301076,1909f56bfc062723c751e8b465ee728b)  -> (artifact id: 'cec1208c87951c129befbdadb16254f1') in 0.005541 seconds
  Import took 0.007889 seconds .

========================================================================
Received Prepare
Registering precompiled user dll's ...
Registered in 0.002312 seconds.
Begin MonoManager ReloadAssembly
Native extension for WindowsStandalone target not found
Refreshing native plugins compatible for Editor in 0.35 ms, found 0 plugins.
Preloading 0 native plugins for Editor in 0.00 ms.
Invoked RoslynAnalysisRunner static constructor.
RoslynAnalysisRunner will not be running.
RoslynAnalysisRunner has terminated.
Mono: successfully reloaded assembly
- Completed reload, in  0.930 seconds
Platform modules already initialized, skipping
Refreshing native plugins compatible for Editor in 0.34 ms, found 0 plugins.
Preloading 0 native plugins for Editor in 0.00 ms.
Unloading 1120 Unused Serialized files (Serialized files now loaded: 0)
System memory in use before: 131.2 MB.
System memory in use after: 131.3 MB.

Unloading 4 unused Assets to reduce memory usage. Loaded Objects now: 1646.
Total: 1.728900 ms (FindLiveObjects: 0.165900 ms CreateObjectMapping: 0.036000 ms MarkObjects: 1.509700 ms  DeleteObjects: 0.015700 ms)

========================================================================
Received Import Request.
  Time since last request: 27.212859 seconds.
  path: Assets/Scripts/ElevatorMove.cs
  artifactKey: Guid(01ac0a09af6ab6b478614ac0b802b5ae) Importer(815301076,1909f56bfc062723c751e8b465ee728b)
Start importing Assets/Scripts/ElevatorMove.cs using Guid(01ac0a09af6ab6b478614ac0b802b5ae) Importer(815301076,1909f56bfc062723c751e8b465ee728b)  -> (artifact id: '5a6b1ebe043e824e60a6bc7ccdfc801c') in 0.009377 seconds
  Import took 0.011929 seconds .

========================================================================
Received Import Request.
  Time since last request: 2.280452 seconds.
  path: Assets/Scripts/ElevatorMove.cs
  artifactKey: Guid(01ac0a09af6ab6b478614ac0b802b5ae) Importer(815301076,1909f56bfc062723c751e8b465ee728b)
Start importing Assets/Scripts/ElevatorMove.cs using Guid(01ac0a09af6ab6b478614ac0b802b5ae) Importer(815301076,1909f56bfc062723c751e8b465ee728b)  -> (artifact id: '5a6b1ebe043e824e60a6bc7ccdfc801c') in 0.007673 seconds
  Import took 0.009867 seconds .

========================================================================
Received Prepare
Registering precompiled user dll's ...
Registered in 0.002113 seconds.
Begin MonoManager ReloadAssembly
Native extension for WindowsStandalone target not found
Refreshing native plugins compatible for Editor in 0.33 ms, found 0 plugins.
Preloading 0 native plugins for Editor in 0.00 ms.
Invoked RoslynAnalysisRunner static constructor.
RoslynAnalysisRunner will not be running.
RoslynAnalysisRunner has terminated.
Mono: successfully reloaded assembly
- Completed reload, in  0.934 seconds
Platform modules already initialized, skipping
Refreshing native plugins compatible for Editor in 0.34 ms, found 0 plugins.
Preloading 0 native plugins for Editor in 0.00 ms.
Unloading 1120 Unused Serialized files (Serialized files now loaded: 0)
System memory in use before: 131.2 MB.
System memory in use after: 131.3 MB.

Unloading 4 unused Assets to reduce memory usage. Loaded Objects now: 1649.
Total: 2.232100 ms (FindLiveObjects: 0.219400 ms CreateObjectMapping: 0.082100 ms MarkObjects: 1.891600 ms  DeleteObjects: 0.037800 ms)

========================================================================
Received Import Request.
  Time since last request: 438.202863 seconds.
  path: Assets/Prefabs/thc6.prefab
  artifactKey: Guid(e5a22e60dd49fce4a84414a457fc5cd9) Importer(815301076,1909f56bfc062723c751e8b465ee728b)
Start importing Assets/Prefabs/thc6.prefab using Guid(e5a22e60dd49fce4a84414a457fc5cd9) Importer(815301076,1909f56bfc062723c751e8b465ee728b)  -> (artifact id: 'ffb3b1238571b6b1fb42c287b51e6820') in 0.381993 seconds
  Import took 0.386739 seconds .

========================================================================
Received Prepare
Registering precompiled user dll's ...
Registered in 0.002883 seconds.
Begin MonoManager ReloadAssembly
Native extension for WindowsStandalone target not found
Refreshing native plugins compatible for Editor in 0.32 ms, found 0 plugins.
Preloading 0 native plugins for Editor in 0.00 ms.
Invoked RoslynAnalysisRunner static constructor.
RoslynAnalysisRunner will not be running.
RoslynAnalysisRunner has terminated.
Mono: successfully reloaded assembly
- Completed reload, in  0.831 seconds
Platform modules already initialized, skipping
Refreshing native plugins compatible for Editor in 0.33 ms, found 0 plugins.
Preloading 0 native plugins for Editor in 0.00 ms.
Unloading 1120 Unused Serialized files (Serialized files now loaded: 0)
System memory in use before: 148.4 MB.
System memory in use after: 148.5 MB.

Unloading 4 unused Assets to reduce memory usage. Loaded Objects now: 1660.
Total: 1.552800 ms (FindLiveObjects: 0.142800 ms CreateObjectMapping: 0.035300 ms MarkObjects: 1.360200 ms  DeleteObjects: 0.013500 ms)

========================================================================
Received Import Request.
  Time since last request: 7.419440 seconds.
  path: Assets/Prefabs/thc6.prefab
  artifactKey: Guid(e5a22e60dd49fce4a84414a457fc5cd9) Importer(815301076,1909f56bfc062723c751e8b465ee728b)
Start importing Assets/Prefabs/thc6.prefab using Guid(e5a22e60dd49fce4a84414a457fc5cd9) Importer(815301076,1909f56bfc062723c751e8b465ee728b)  -> (artifact id: '65ef15ef61a3a3c563e4cf3853f59120') in 0.110530 seconds
  Import took 0.114210 seconds .

========================================================================
Received Prepare
Registering precompiled user dll's ...
Registered in 0.002437 seconds.
Begin MonoManager ReloadAssembly
Native extension for WindowsStandalone target not found
Refreshing native plugins compatible for Editor in 0.34 ms, found 0 plugins.
Preloading 0 native plugins for Editor in 0.00 ms.
Invoked RoslynAnalysisRunner static constructor.
RoslynAnalysisRunner will not be running.
RoslynAnalysisRunner has terminated.
Mono: successfully reloaded assembly
- Completed reload, in  0.951 seconds
Platform modules already initialized, skipping
Refreshing native plugins compatible for Editor in 1.20 ms, found 0 plugins.
Preloading 0 native plugins for Editor in 0.00 ms.
Unloading 1120 Unused Serialized files (Serialized files now loaded: 0)
System memory in use before: 148.4 MB.
System memory in use after: 148.5 MB.

Unloading 4 unused Assets to reduce memory usage. Loaded Objects now: 1664.
Total: 3.844700 ms (FindLiveObjects: 0.264100 ms CreateObjectMapping: 0.122600 ms MarkObjects: 3.424800 ms  DeleteObjects: 0.023900 ms)

========================================================================
Received Import Request.
  Time since last request: 139.488440 seconds.
  path: Assets/Prefabs/crawler.prefab
  artifactKey: Guid(5ec935b737828f04e96c3531f5e85b7e) Importer(815301076,1909f56bfc062723c751e8b465ee728b)
Start importing Assets/Prefabs/crawler.prefab using Guid(5ec935b737828f04e96c3531f5e85b7e) Importer(815301076,1909f56bfc062723c751e8b465ee728b)  -> (artifact id: '84d790ad40537120634a100dee6a4807') in 0.377352 seconds
  Import took 0.380584 seconds .

========================================================================
Received Import Request.
  Time since last request: 152.939547 seconds.
  path: Assets/Prefabs/crawler.prefab
  artifactKey: Guid(5ec935b737828f04e96c3531f5e85b7e) Importer(815301076,1909f56bfc062723c751e8b465ee728b)
Start importing Assets/Prefabs/crawler.prefab using Guid(5ec935b737828f04e96c3531f5e85b7e) Importer(815301076,1909f56bfc062723c751e8b465ee728b)  -> (artifact id: 'd296e7adc4f3ba33e768ea17a1890dd1') in 0.246467 seconds
  Import took 0.253291 seconds .

========================================================================
Received Prepare
Registering precompiled user dll's ...
Registered in 0.002192 seconds.
Begin MonoManager ReloadAssembly
Native extension for WindowsStandalone target not found
Refreshing native plugins compatible for Editor in 0.75 ms, found 0 plugins.
Preloading 0 native plugins for Editor in 0.00 ms.
Invoked RoslynAnalysisRunner static constructor.
RoslynAnalysisRunner will not be running.
RoslynAnalysisRunner has terminated.
Mono: successfully reloaded assembly
- Completed reload, in  0.953 seconds
Platform modules already initialized, skipping
Refreshing native plugins compatible for Editor in 0.36 ms, found 0 plugins.
Preloading 0 native plugins for Editor in 0.00 ms.
Unloading 1120 Unused Serialized files (Serialized files now loaded: 0)
System memory in use before: 148.4 MB.
System memory in use after: 148.5 MB.

Unloading 4 unused Assets to reduce memory usage. Loaded Objects now: 1668.
Total: 2.139200 ms (FindLiveObjects: 0.240100 ms CreateObjectMapping: 0.106300 ms MarkObjects: 1.775500 ms  DeleteObjects: 0.015700 ms)

========================================================================
Received Import Request.
  Time since last request: 103.866607 seconds.
  path: Assets/Prefabs/crawler.prefab
  artifactKey: Guid(5ec935b737828f04e96c3531f5e85b7e) Importer(815301076,1909f56bfc062723c751e8b465ee728b)
Start importing Assets/Prefabs/crawler.prefab using Guid(5ec935b737828f04e96c3531f5e85b7e) Importer(815301076,1909f56bfc062723c751e8b465ee728b)  -> (artifact id: 'c6fcf1d9c83369caa885e56570a52b76') in 0.081353 seconds
  Import took 0.084694 seconds .

========================================================================
Received Prepare
Registering precompiled user dll's ...
Registered in 0.003031 seconds.
Begin MonoManager ReloadAssembly
Native extension for WindowsStandalone target not found
Refreshing native plugins compatible for Editor in 0.34 ms, found 0 plugins.
Preloading 0 native plugins for Editor in 0.00 ms.
Invoked RoslynAnalysisRunner static constructor.
RoslynAnalysisRunner will not be running.
RoslynAnalysisRunner has terminated.
Mono: successfully reloaded assembly
- Completed reload, in  0.959 seconds
Platform modules already initialized, skipping
Refreshing native plugins compatible for Editor in 0.33 ms, found 0 plugins.
Preloading 0 native plugins for Editor in 0.00 ms.
Unloading 1120 Unused Serialized files (Serialized files now loaded: 0)
System memory in use before: 148.4 MB.
System memory in use after: 148.5 MB.

Unloading 4 unused Assets to reduce memory usage. Loaded Objects now: 1672.
Total: 1.944000 ms (FindLiveObjects: 0.140700 ms CreateObjectMapping: 0.037500 ms MarkObjects: 1.741100 ms  DeleteObjects: 0.023400 ms)

========================================================================
Received Import Request.
  Time since last request: 205.280384 seconds.
  path: Assets/Prefabs/crawler.prefab
  artifactKey: Guid(5ec935b737828f04e96c3531f5e85b7e) Importer(815301076,1909f56bfc062723c751e8b465ee728b)
Start importing Assets/Prefabs/crawler.prefab using Guid(5ec935b737828f04e96c3531f5e85b7e) Importer(815301076,1909f56bfc062723c751e8b465ee728b)  -> (artifact id: 'fbe96eff50ddfd6b20ded29b9946ef4c') in 0.084946 seconds
  Import took 0.087867 seconds .

========================================================================
Received Prepare
Registering precompiled user dll's ...
Registered in 0.002319 seconds.
Begin MonoManager ReloadAssembly
Native extension for WindowsStandalone target not found
Refreshing native plugins compatible for Editor in 0.33 ms, found 0 plugins.
Preloading 0 native plugins for Editor in 0.00 ms.
Invoked RoslynAnalysisRunner static constructor.
RoslynAnalysisRunner will not be running.
RoslynAnalysisRunner has terminated.
Mono: successfully reloaded assembly
- Completed reload, in  0.851 seconds
Platform modules already initialized, skipping
Refreshing native plugins compatible for Editor in 0.33 ms, found 0 plugins.
Preloading 0 native plugins for Editor in 0.00 ms.
Unloading 1120 Unused Serialized files (Serialized files now loaded: 0)
System memory in use before: 148.4 MB.
System memory in use after: 148.5 MB.

Unloading 4 unused Assets to reduce memory usage. Loaded Objects now: 1676.
Total: 1.723500 ms (FindLiveObjects: 0.128100 ms CreateObjectMapping: 0.036300 ms MarkObjects: 1.546200 ms  DeleteObjects: 0.012000 ms)

========================================================================
Received Import Request.
  Time since last request: 92.797882 seconds.
  path: Assets/Prefabs/crawler.prefab
  artifactKey: Guid(5ec935b737828f04e96c3531f5e85b7e) Importer(815301076,1909f56bfc062723c751e8b465ee728b)
Start importing Assets/Prefabs/crawler.prefab using Guid(5ec935b737828f04e96c3531f5e85b7e) Importer(815301076,1909f56bfc062723c751e8b465ee728b)  -> (artifact id: '255b67a685089117eb8139358f1611b5') in 0.251426 seconds
  Import took 0.255762 seconds .

========================================================================
Received Prepare
Registering precompiled user dll's ...
Registered in 0.002321 seconds.
Begin MonoManager ReloadAssembly
Native extension for WindowsStandalone target not found
Refreshing native plugins compatible for Editor in 0.35 ms, found 0 plugins.
Preloading 0 native plugins for Editor in 0.00 ms.
Invoked RoslynAnalysisRunner static constructor.
RoslynAnalysisRunner will not be running.
RoslynAnalysisRunner has terminated.
Mono: successfully reloaded assembly
- Completed reload, in  0.893 seconds
Platform modules already initialized, skipping
Refreshing native plugins compatible for Editor in 0.34 ms, found 0 plugins.
Preloading 0 native plugins for Editor in 0.00 ms.
Unloading 1120 Unused Serialized files (Serialized files now loaded: 0)
System memory in use before: 148.5 MB.
System memory in use after: 148.6 MB.

Unloading 4 unused Assets to reduce memory usage. Loaded Objects now: 1680.
Total: 1.757900 ms (FindLiveObjects: 0.141500 ms CreateObjectMapping: 0.058400 ms MarkObjects: 1.544600 ms  DeleteObjects: 0.012400 ms)

========================================================================
Received Import Request.
  Time since last request: 213.779020 seconds.
  path: Assets/Prefabs/crawler.prefab
  artifactKey: Guid(5ec935b737828f04e96c3531f5e85b7e) Importer(815301076,1909f56bfc062723c751e8b465ee728b)
Start importing Assets/Prefabs/crawler.prefab using Guid(5ec935b737828f04e96c3531f5e85b7e) Importer(815301076,1909f56bfc062723c751e8b465ee728b)  -> (artifact id: 'c91bc48b284a240b23e0bb22226a8029') in 0.263069 seconds
  Import took 0.270665 seconds .

========================================================================
Received Prepare
Registering precompiled user dll's ...
Registered in 0.002299 seconds.
Begin MonoManager ReloadAssembly
Native extension for WindowsStandalone target not found
Refreshing native plugins compatible for Editor in 0.44 ms, found 0 plugins.
Preloading 0 native plugins for Editor in 0.00 ms.
Invoked RoslynAnalysisRunner static constructor.
RoslynAnalysisRunner will not be running.
RoslynAnalysisRunner has terminated.
Mono: successfully reloaded assembly
- Completed reload, in  0.916 seconds
Platform modules already initialized, skipping
Refreshing native plugins compatible for Editor in 0.35 ms, found 0 plugins.
Preloading 0 native plugins for Editor in 0.00 ms.
Unloading 1120 Unused Serialized files (Serialized files now loaded: 0)
System memory in use before: 148.5 MB.
System memory in use after: 148.6 MB.

Unloading 4 unused Assets to reduce memory usage. Loaded Objects now: 1684.
Total: 1.543300 ms (FindLiveObjects: 0.164400 ms CreateObjectMapping: 0.037500 ms MarkObjects: 1.319100 ms  DeleteObjects: 0.020900 ms)

========================================================================
Received Import Request.
  Time since last request: 34.503199 seconds.
  path: Assets/Prefabs/crawler.prefab
  artifactKey: Guid(5ec935b737828f04e96c3531f5e85b7e) Importer(815301076,1909f56bfc062723c751e8b465ee728b)
Start importing Assets/Prefabs/crawler.prefab using Guid(5ec935b737828f04e96c3531f5e85b7e) Importer(815301076,1909f56bfc062723c751e8b465ee728b)  -> (artifact id: '0ddf686cd2230104b1834f3e56f182c9') in 0.265486 seconds
  Import took 0.273705 seconds .

========================================================================
Received Prepare
Registering precompiled user dll's ...
Registered in 0.002629 seconds.
Begin MonoManager ReloadAssembly
Native extension for WindowsStandalone target not found
Refreshing native plugins compatible for Editor in 0.34 ms, found 0 plugins.
Preloading 0 native plugins for Editor in 0.00 ms.
Invoked RoslynAnalysisRunner static constructor.
RoslynAnalysisRunner will not be running.
RoslynAnalysisRunner has terminated.
Mono: successfully reloaded assembly
- Completed reload, in  0.835 seconds
Platform modules already initialized, skipping
Refreshing native plugins compatible for Editor in 0.33 ms, found 0 plugins.
Preloading 0 native plugins for Editor in 0.00 ms.
Unloading 1120 Unused Serialized files (Serialized files now loaded: 0)
System memory in use before: 148.5 MB.
System memory in use after: 148.6 MB.

Unloading 4 unused Assets to reduce memory usage. Loaded Objects now: 1688.
Total: 1.965600 ms (FindLiveObjects: 0.209800 ms CreateObjectMapping: 0.038900 ms MarkObjects: 1.702400 ms  DeleteObjects: 0.013500 ms)

========================================================================
Received Import Request.
  Time since last request: 77.841792 seconds.
  path: Assets/Prefabs/crawler.prefab
  artifactKey: Guid(5ec935b737828f04e96c3531f5e85b7e) Importer(815301076,1909f56bfc062723c751e8b465ee728b)
Start importing Assets/Prefabs/crawler.prefab using Guid(5ec935b737828f04e96c3531f5e85b7e) Importer(815301076,1909f56bfc062723c751e8b465ee728b)  -> (artifact id: '4319d0f1633c2c1dd7ed3d265fa1edfa') in 0.089907 seconds
  Import took 0.093365 seconds .

========================================================================
Received Import Request.
  Time since last request: 319.598142 seconds.
  path: Assets/Prefabs/crawler.prefab
  artifactKey: Guid(5ec935b737828f04e96c3531f5e85b7e) Importer(815301076,1909f56bfc062723c751e8b465ee728b)
Start importing Assets/Prefabs/crawler.prefab using Guid(5ec935b737828f04e96c3531f5e85b7e) Importer(815301076,1909f56bfc062723c751e8b465ee728b)  -> (artifact id: '6cae49df316f2e95251822af9d6a0892') in 0.219347 seconds
  Import took 0.226755 seconds .

========================================================================
Received Prepare
Registering precompiled user dll's ...
Registered in 0.002323 seconds.
Begin MonoManager ReloadAssembly
Native extension for WindowsStandalone target not found
Refreshing native plugins compatible for Editor in 0.33 ms, found 0 plugins.
Preloading 0 native plugins for Editor in 0.00 ms.
Invoked RoslynAnalysisRunner static constructor.
RoslynAnalysisRunner will not be running.
RoslynAnalysisRunner has terminated.
Mono: successfully reloaded assembly
- Completed reload, in  0.890 seconds
Platform modules already initialized, skipping
Refreshing native plugins compatible for Editor in 0.32 ms, found 0 plugins.
Preloading 0 native plugins for Editor in 0.00 ms.
Unloading 1120 Unused Serialized files (Serialized files now loaded: 0)
System memory in use before: 148.5 MB.
System memory in use after: 148.6 MB.

Unloading 4 unused Assets to reduce memory usage. Loaded Objects now: 1692.
Total: 1.600600 ms (FindLiveObjects: 0.166600 ms CreateObjectMapping: 0.037000 ms MarkObjects: 1.366000 ms  DeleteObjects: 0.029800 ms)

========================================================================
Received Import Request.
  Time since last request: 6.116622 seconds.
  path: Assets/Prefabs/crawler.prefab
  artifactKey: Guid(5ec935b737828f04e96c3531f5e85b7e) Importer(815301076,1909f56bfc062723c751e8b465ee728b)
Start importing Assets/Prefabs/crawler.prefab using Guid(5ec935b737828f04e96c3531f5e85b7e) Importer(815301076,1909f56bfc062723c751e8b465ee728b)  -> (artifact id: '3f570cdf16f6e23a5bae1b15661d0c1d') in 0.090500 seconds
  Import took 0.093317 seconds .

========================================================================
Received Prepare
Registering precompiled user dll's ...
Registered in 0.002792 seconds.
Begin MonoManager ReloadAssembly
Native extension for WindowsStandalone target not found
Refreshing native plugins compatible for Editor in 0.33 ms, found 0 plugins.
Preloading 0 native plugins for Editor in 0.00 ms.
Invoked RoslynAnalysisRunner static constructor.
RoslynAnalysisRunner will not be running.
RoslynAnalysisRunner has terminated.
Mono: successfully reloaded assembly
- Completed reload, in  0.842 seconds
Platform modules already initialized, skipping
Refreshing native plugins compatible for Editor in 0.35 ms, found 0 plugins.
Preloading 0 native plugins for Editor in 0.00 ms.
Unloading 1120 Unused Serialized files (Serialized files now loaded: 0)
System memory in use before: 148.5 MB.
System memory in use after: 148.6 MB.

Unloading 4 unused Assets to reduce memory usage. Loaded Objects now: 1696.
Total: 1.803300 ms (FindLiveObjects: 0.145900 ms CreateObjectMapping: 0.057500 ms MarkObjects: 1.576500 ms  DeleteObjects: 0.022500 ms)

AssetImportWorkerClient::OnTransportError - code=2 error=End of file
